0 info it worked if it ends with ok
1 verbose cli [ 'node', '/usr/local/bin/npm', 'start' ]
2 info using npm@3.9.6
3 info using node@v0.12.2
4 verbose run-script [ 'prestart', 'start', 'poststart' ]
5 info lifecycle product-swatches@1.0.0~prestart: product-swatches@1.0.0
6 silly lifecycle product-swatches@1.0.0~prestart: no script for prestart, continuing
7 info lifecycle product-swatches@1.0.0~start: product-swatches@1.0.0
8 verbose lifecycle product-swatches@1.0.0~start: unsafe-perm in lifecycle true
9 verbose lifecycle product-swatches@1.0.0~start: PATH: /usr/local/lib/node_modules/npm/bin/node-gyp-bin:/Users/phillipjava/WebSource/GitHub/ProductSwatches/node_modules/.bin:/usr/local/bin:/usr/local/heroku/bin:/usr/local/bin:/usr/bin:/bin:/usr/sbin:/sbin:/opt/X11/bin:/usr/local/git/bin
10 verbose lifecycle product-swatches@1.0.0~start: CWD: /Users/phillipjava/WebSource/GitHub/ProductSwatches
11 silly lifecycle product-swatches@1.0.0~start: Args: [ '-c', 'start gulp' ]
12 info lifecycle product-swatches@1.0.0~start: Failed to exec start script
13 verbose stack Error: product-swatches@1.0.0 start: `start gulp`
13 verbose stack spawn ENOENT
13 verbose stack     at ChildProcess.<anonymous> (/usr/local/lib/node_modules/npm/lib/utils/spawn.js:17:16)
13 verbose stack     at ChildProcess.emit (events.js:110:17)
13 verbose stack     at maybeClose (child_process.js:1015:16)
13 verbose stack     at Process.ChildProcess._handle.onexit (child_process.js:1087:5)
14 verbose pkgid product-swatches@1.0.0
15 verbose cwd /Users/phillipjava/WebSource/GitHub/ProductSwatches
16 error Darwin 15.6.0
17 error argv "node" "/usr/local/bin/npm" "start"
18 error node v0.12.2
19 error npm  v3.9.6
20 error file sh
21 error code ELIFECYCLE
22 error errno ENOENT
23 error syscall spawn
24 error product-swatches@1.0.0 start: `start gulp`
24 error spawn ENOENT
25 error Failed at the product-swatches@1.0.0 start script 'start gulp'.
25 error Make sure you have the latest version of node.js and npm installed.
25 error If you do, this is most likely a problem with the product-swatches package,
25 error not with npm itself.
25 error Tell the author that this fails on your system:
25 error     start gulp
25 error You can get information on how to open an issue for this project with:
25 error     npm bugs product-swatches
25 error Or if that isn't available, you can get their info via:
25 error     npm owner ls product-swatches
25 error There is likely additional logging output above.
26 verbose exit [ 1, true ]
